Arguments: 
  C:\Program Files\nodejs\node.exe C:\Program Files (x86)\Yarn\bin\yarn.js init --y

PATH: 
  C:\Windows\system32;C:\Windows;C:\Windows\System32\Wbem;C:\Windows\System32\WindowsPowerShell\v1.0\;C:\Windows\System32\OpenSSH\;C:\Program Files\Git\cmd;C:\Program Files (x86)\Yarn\bin\;C:\Program Files\nodejs\;C:\Program Files\OpenJDK\jre-11.0.8.10-hotspot\bin;C:\Users\User\AppData\Local\Android\Sdk\platform-tools;C:\Ruby26\bin;C:\Users\User\AppData\Local\Microsoft\WindowsApps;C:\Users\User\AppData\Local\Yarn\bin;C:\Program Files\JetBrains\PyCharm 2021.2.2\bin;;C:\Users\User\Downloads\platform-tools_r31.0.3-windows\platform-tools;C:\Users\User;C:\Users\User\AppData\Roaming\npm;C:\Users\User\AppData\Local\Android\Sdk\tools\bin;C:\Users\User\AppData\Local\Android\Sdk\platform-tools;C:\Users\User\AppData\Local\Android\Sdk\tools;;C:\Users\User\AppData\Local\Programs\Microsoft VS Code\bin

Yarn version: 
  1.22.5

Node version: 
  16.13.0

Platform: 
  win32 x64

Trace: 
  Error: canceled
      at Interface.<anonymous> (C:\Program Files (x86)\Yarn\lib\cli.js:137009:13)
      at Interface.emit (node:events:390:28)
      at Interface._ttyWrite (node:readline:1081:16)
      at ReadStream.onkeypress (node:readline:288:10)
      at ReadStream.emit (node:events:390:28)
      at emitKeys (node:internal/readline/utils:358:14)
      at emitKeys.next (<anonymous>)
      at ReadStream.onData (node:internal/readline/emitKeypressEvents:61:36)
      at ReadStream.emit (node:events:390:28)
      at addChunk (node:internal/streams/readable:315:12)

npm manifest: 
  No manifest

yarn manifest: 
  No manifest

Lockfile: 
  No lockfile
